=== VEP Annotation Pipeline Started: Mon Jun 23 13:48:15 CDT 2025 ===
Fixing corrupted conda environment...
Creating tabnet-prostate environment...
Channels:
 - defaults
Platform: linux-64
Collecting package metadata (repodata.json): ...working... done
Solving environment: ...working... done

## Package Plan ##

  environment location: /u/aa107/.conda/envs/tabnet-prostate

  added / updated specs:
    - python=3.11


The following NEW packages will be INSTALLED:

  _libgcc_mutex      pkgs/main/linux-64::_libgcc_mutex-0.1-main 
  _openmp_mutex      pkgs/main/linux-64::_openmp_mutex-5.1-1_gnu 
  bzip2              pkgs/main/linux-64::bzip2-1.0.8-h5eee18b_6 
  ca-certificates    pkgs/main/linux-64::ca-certificates-2025.2.25-h06a4308_0 
  expat              pkgs/main/linux-64::expat-2.7.1-h6a678d5_0 
  ld_impl_linux-64   pkgs/main/linux-64::ld_impl_linux-64-2.40-h12ee557_0 
  libffi             pkgs/main/linux-64::libffi-3.4.4-h6a678d5_1 
  libgcc-ng          pkgs/main/linux-64::libgcc-ng-11.2.0-h1234567_1 
  libgomp            pkgs/main/linux-64::libgomp-11.2.0-h1234567_1 
  libstdcxx-ng       pkgs/main/linux-64::libstdcxx-ng-11.2.0-h1234567_1 
  libuuid            pkgs/main/linux-64::libuuid-1.41.5-h5eee18b_0 
  libxcb             pkgs/main/linux-64::libxcb-1.17.0-h9b100fa_0 
  ncurses            pkgs/main/linux-64::ncurses-6.4-h6a678d5_0 
  openssl            pkgs/main/linux-64::openssl-3.0.16-h5eee18b_0 
  pip                pkgs/main/noarch::pip-25.1-pyhc872135_2 
  pthread-stubs      pkgs/main/linux-64::pthread-stubs-0.3-h0ce48e5_1 
  python             pkgs/main/linux-64::python-3.11.13-h1a3bd86_0 
  readline           pkgs/main/linux-64::readline-8.2-h5eee18b_0 
  setuptools         pkgs/main/linux-64::setuptools-78.1.1-py311h06a4308_0 
  sqlite             pkgs/main/linux-64::sqlite-3.45.3-h5eee18b_0 
  tk                 pkgs/main/linux-64::tk-8.6.14-h993c535_1 
  tzdata             pkgs/main/noarch::tzdata-2025b-h04d1e81_0 
  wheel              pkgs/main/linux-64::wheel-0.45.1-py311h06a4308_0 
  xorg-libx11        pkgs/main/linux-64::xorg-libx11-1.8.12-h9b100fa_1 
  xorg-libxau        pkgs/main/linux-64::xorg-libxau-1.0.12-h9b100fa_0 
  xorg-libxdmcp      pkgs/main/linux-64::xorg-libxdmcp-1.1.5-h9b100fa_0 
  xorg-xorgproto     pkgs/main/linux-64::xorg-xorgproto-2024.1-h5eee18b_1 
  xz                 pkgs/main/linux-64::xz-5.6.4-h5eee18b_1 
  zlib               pkgs/main/linux-64::zlib-1.2.13-h5eee18b_1 



Downloading and Extracting Packages: ...working... done
Preparing transaction: ...working... done
Verifying transaction: ...working... done
Executing transaction: ...working... done
#
# To activate this environment, use
#
#     $ conda activate tabnet-prostate
#
# To deactivate an active environment, use
#
#     $ conda deactivate

Installing VEP via conda...
Channels:
 - bioconda
 - defaults
Platform: linux-64
Collecting package metadata (repodata.json): ...working... done
Solving environment: ...working... failed
