warning  libmamba Added empty dependency for problem type SOLVER_RULE_UPDATE

LibMambaUnsatisfiableError: Encountered problems while solving:
  - nothing provides perl 5.22.0* needed by ensembl-vep-88.10-htslib1.4_0

Could not solve for environment specs
The following packages are incompatible
├─ ensembl-vep is installable with the potential options
│  ├─ ensembl-vep [88|88.8|88.9] would require
│  │  └─ perl-bioperl with the potential options
│  │     ├─ perl-bioperl [1.7.2|1.7.8] would require
│  │     │  └─ perl-bio-tools-run-alignment-tcoffee with the potential options
│  │     │     ├─ perl-bio-tools-run-alignment-tcoffee 1.7.4 would require
│  │     │     │  └─ t_coffee with the potential options
│  │     │     │     ├─ t_coffee 11.0.8 would require
│  │     │     │     │  └─ python [2.7* |>=2.7,<2.8.0a0 ], which can be installed;
│  │     │     │     ├─ t_coffee 11.0.8 would require
│  │     │     │     │  └─ perl 5.22.0* , which does not exist (perhaps a missing channel);
│  │     │     │     ├─ t_coffee 11.0.8 would require
│  │     │     │     │  └─ python 3.4* , which does not exist (perhaps a missing channel);
│  │     │     │     ├─ t_coffee 11.0.8 would require
│  │     │     │     │  └─ python [3.5* |>=3.5,<3.6.0a0 ], which can be installed;
│  │     │     │     ├─ t_coffee 11.0.8 would require
│  │     │     │     │  └─ python [3.6* |>=3.6,<3.7.0a0 ], which can be installed;
│  │     │     │     └─ t_coffee 11.0.8 would require
│  │     │     │        └─ python >=3.7,<3.8.0a0 , which can be installed;
│  │     │     └─ perl-bio-tools-run-alignment-tcoffee 1.7.4 would require
│  │     │        └─ t-coffee but there are no viable options
│  │     │           ├─ t-coffee [11.00.8cbe486|12.00.7fb08c2] would require
│  │     │           │  └─ libgfortran >=3.0 , which does not exist (perhaps a missing channel);
│  │     │           ├─ t-coffee [12.00.7fb08c2|13.39.0.d675aed|13.45.0.4846264] would require
│  │     │           │  └─ dca, which requires
│  │     │           │     └─ kopt, which requires
│  │     │           │        └─ hyperopt, which does not exist (perhaps a missing channel);
│  │     │           ├─ t-coffee [13.45.0.4846264|13.46.0.919e8c6b] would require
│  │     │           │  └─ libgcc-ng >=12 , which does not exist (perhaps a missing channel);
│  │     │           └─ t-coffee [13.46.0.919e8c6b|13.46.1.b8b01e06] would require
│  │     │              └─ libgcc >=13 , which does not exist (perhaps a missing channel);
│  │     ├─ perl-bioperl 1.7.8 would require
│  │     │  └─ perl-bio-searchio-hmmer, which requires
│  │     │     └─ perl-db_file, which does not exist (perhaps a missing channel);
│  │     ├─ perl-bioperl 1.6.924 would require
│  │     │  └─ perl >=5.22.0,<5.23.0 , which does not exist (perhaps a missing channel);
│  │     └─ perl-bioperl 1.6.924 would require
│  │        └─ perl 5.22.0* , which does not exist (perhaps a missing channel);
│  ├─ ensembl-vep [88.10|88.9|...|92.4] would require
│  │  └─ perl 5.22.0* , which does not exist (perhaps a missing channel);
│  └─ ensembl-vep [100.0|100.1|...|99.2] would require
│     └─ perl-bioperl >=1.7.2  with the potential options
│        ├─ perl-bioperl [1.7.2|1.7.8], which can be installed (as previously explained);
│        └─ perl-bioperl 1.7.8, which cannot be installed (as previously explained);
└─ pin-1 is not installable because it requires
   └─ python 3.11.* , which conflicts with any installable versions previously reported.

Pins seem to be involved in the conflict. Currently pinned specs:
 - python 3.11.* (labeled as 'pin-1')


