=== VEP Cache-Based Pipeline Started: Tue Jun 24 07:07:51 CDT 2025 ===
Downloading correct BioContainers VEP (114.1)...
✅ BioContainers VEP downloaded
Validating input file...
✅ Input variants: 212225
Setting up VEP cache for offline operation...
Installing VEP cache for human GRCh38...
WARNING: Unable to carry out version check for 'ensembl-vep'
 - getting list of available cache files
 - downloading https://ftp.ensembl.org/pub/release-114/variation/indexed_vep_cache/homo_sapiens_vep_114_GRCh38.tar.gz
 - unpacking homo_sapiens_vep_114_GRCh38.tar.gz
 - converting cache, this may take some time but will allow VEP to look up variants and frequency data much faster
 - use CTRL-C to cancel if you do not wish to convert this cache now (you may run convert_cache.pl later)
2025-06-24 07:42:48 - Processing homo_sapiens
2025-06-24 07:42:48 - Processing version 114_GRCh38
2025-06-24 07:42:49 - No unprocessed types remaining, skipping
2025-06-24 07:42:49 - All done!
 - downloading Homo_sapiens.GRCh38.dna.toplevel.fa.gz
 - downloading Homo_sapiens.GRCh38.dna.toplevel.fa.gz.fai
 - downloading Homo_sapiens.GRCh38.dna.toplevel.fa.gz.gzi

The FASTA file should be automatically detected by the VEP when using --cache or --offline.
If it is not, use "--fasta /u/aa107/uiuc-cancer-research/data/processed/vep/vep_cache/homo_sapiens/114_GRCh38/Homo_sapiens.GRCh38.dna.toplevel.fa.gz"


All done
✅ VEP cache installation completed
Testing VEP with small sample...
✅ Test successful: 992 variants processed
Running full VEP annotation with cache...
Using 16 forks for large dataset
WARNING: 1214079 : substr outside of string at /usr/local/share/ensembl-vep-114.1-0/Bio/EnsEMBL/Variation/Utils/VariationEffect.pm line 1061.
substr outside of string at /usr/local/share/ensembl-vep-114.1-0/Bio/EnsEMBL/Variation/Utils/VariationEffect.pm line 1061.
substr outside of string at /usr/local/share/ensembl-vep-114.1-0/Bio/EnsEMBL/Variation/Utils/VariationEffect.pm line 1061.
substr outside of string at /usr/local/share/ensembl-vep-114.1-0/Bio/EnsEMBL/Variation/Utils/VariationEffect.pm line 1061.
substr outside of string at /usr/local/share/ensembl-vep-114.1-0/Bio/EnsEMBL/Variation/Utils/VariationEffect.pm line 1061.
substr outside of string at /usr/local/share/ensembl-vep-114.1-0/Bio/EnsEMBL/Variation/Utils/VariationEffect.pm line 1061.
substr outside of string at /usr/local/share/ensembl-vep-114.1-0/Bio/EnsEMBL/Variation/Utils/VariationEffect.pm line 1061.
substr outside of string at /usr/local/share/ensembl-vep-114.1-0/Bio/EnsEMBL/Variation/Utils/VariationEffect.pm line 1061.
substr outside of string at /usr/local/share/ensembl-vep-114.1-0/Bio/EnsEMBL/Variation/Utils/VariationEffect.pm line 1061.
substr outside of string at /usr/local/share/ensembl-vep-114.1-0/Bio/EnsEMBL/Variation/Utils/VariationEffect.pm line 1061.
substr outside of string at /usr/local/share/ensembl-vep-114.1-0/Bio/EnsEMBL/Variation/Utils/VariationEffect.pm line 1061.
substr outside of string at /usr/local/share/ensembl-vep-114.1-0/Bio/EnsEMBL/Variation/Utils/VariationEffect.pm line 1061.
WARNING: 1214202 : substr outside of string at /usr/local/share/ensembl-vep-114.1-0/Bio/EnsEMBL/Variation/Utils/VariationEffect.pm line 1061, <__ANONIO__> line 68148.
substr outside of string at /usr/local/share/ensembl-vep-114.1-0/Bio/EnsEMBL/Variation/Utils/VariationEffect.pm line 1061, <__ANONIO__> line 68148.
WARNING: 1226736 : substr outside of string at /usr/local/share/ensembl-vep-114.1-0/Bio/EnsEMBL/Variation/Utils/VariationEffect.pm line 1061, <__ANONIO__> line 155400.
substr outside of string at /usr/local/share/ensembl-vep-114.1-0/Bio/EnsEMBL/Variation/Utils/VariationEffect.pm line 1061, <__ANONIO__> line 155400.
substr outside of string at /usr/local/share/ensembl-vep-114.1-0/Bio/EnsEMBL/Variation/Utils/VariationEffect.pm line 1061, <__ANONIO__> line 155400.
substr outside of string at /usr/local/share/ensembl-vep-114.1-0/Bio/EnsEMBL/Variation/Utils/VariationEffect.pm line 1061, <__ANONIO__> line 155400.
substr outside of string at /usr/local/share/ensembl-vep-114.1-0/Bio/EnsEMBL/Variation/Utils/VariationEffect.pm line 1061, <__ANONIO__> line 155400.
substr outside of string at /usr/local/share/ensembl-vep-114.1-0/Bio/EnsEMBL/Variation/Utils/VariationEffect.pm line 1061, <__ANONIO__> line 155400.
substr outside of string at /usr/local/share/ensembl-vep-114.1-0/Bio/EnsEMBL/Variation/Utils/VariationEffect.pm line 1061, <__ANONIO__> line 155400.
substr outside of string at /usr/local/share/ensembl-vep-114.1-0/Bio/EnsEMBL/Variation/Utils/VariationEffect.pm line 1061, <__ANONIO__> line 155400.
substr outside of string at /usr/local/share/ensembl-vep-114.1-0/Bio/EnsEMBL/Variation/Utils/VariationEffect.pm line 1061, <__ANONIO__> line 155400.
substr outside of string at /usr/local/share/ensembl-vep-114.1-0/Bio/EnsEMBL/Variation/Utils/VariationEffect.pm line 1061, <__ANONIO__> line 155400.
substr outside of string at /usr/local/share/ensembl-vep-114.1-0/Bio/EnsEMBL/Variation/Utils/VariationEffect.pm line 1061, <__ANONIO__> line 155400.
substr outside of string at /usr/local/share/ensembl-vep-114.1-0/Bio/EnsEMBL/Variation/Utils/VariationEffect.pm line 1061, <__ANONIO__> line 155400.
substr outside of string at /usr/local/share/ensembl-vep-114.1-0/Bio/EnsEMBL/Variation/Utils/VariationEffect.pm line 1061, <__ANONIO__> line 155400.
substr outside of string at /usr/local/share/ensembl-vep-114.1-0/Bio/EnsEMBL/Variation/Utils/VariationEffect.pm line 1061, <__ANONIO__> line 155400.
substr outside of string at /usr/local/share/ensembl-vep-114.1-0/Bio/EnsEMBL/Variation/Utils/VariationEffect.pm line 1061, <__ANONIO__> line 155400.
substr outside of string at /usr/local/share/ensembl-vep-114.1-0/Bio/EnsEMBL/Variation/Utils/VariationEffect.pm line 1061, <__ANONIO__> line 155400.
substr outside of string at /usr/local/share/ensembl-vep-114.1-0/Bio/EnsEMBL/Variation/Utils/VariationEffect.pm line 1061, <__ANONIO__> line 155400.
substr outside of string at /usr/local/share/ensembl-vep-114.1-0/Bio/EnsEMBL/Variation/Utils/VariationEffect.pm line 1061, <__ANONIO__> line 155400.
substr outside of string at /usr/local/share/ensembl-vep-114.1-0/Bio/EnsEMBL/Variation/Utils/VariationEffect.pm line 1061, <__ANONIO__> line 155400.
WARNING: 1232890 : substr outside of string at /usr/local/share/ensembl-vep-114.1-0/Bio/EnsEMBL/Variation/Utils/VariationEffect.pm line 1061, <__ANONIO__> line 186726.
substr outside of string at /usr/local/share/ensembl-vep-114.1-0/Bio/EnsEMBL/Variation/Utils/VariationEffect.pm line 1061, <__ANONIO__> line 186726.
substr outside of string at /usr/local/share/ensembl-vep-114.1-0/Bio/EnsEMBL/Variation/Utils/VariationEffect.pm line 1061, <__ANONIO__> line 186726.
substr outside of string at /usr/local/share/ensembl-vep-114.1-0/Bio/EnsEMBL/Variation/Utils/VariationEffect.pm line 1061, <__ANONIO__> line 186726.
substr outside of string at /usr/local/share/ensembl-vep-114.1-0/Bio/EnsEMBL/Variation/Utils/VariationEffect.pm line 1061, <__ANONIO__> line 186726.
substr outside of string at /usr/local/share/ensembl-vep-114.1-0/Bio/EnsEMBL/Variation/Utils/VariationEffect.pm line 1061, <__ANONIO__> line 186726.
substr outside of string at /usr/local/share/ensembl-vep-114.1-0/Bio/EnsEMBL/Variation/Utils/VariationEffect.pm line 1061, <__ANONIO__> line 186726.
Exiting the program. The input file appears to be unsorted. Please sort by chromosome and by location and re-submit.
=== VALIDATION ===
Generated: Tue Jun 24 07:48:45 CDT 2025

✅ VEP annotation completed
Input variants: 212225
Output variants: 193407
✅ VEP annotations found: 193406 variants with CSQ data
Sample annotation: CSQ=T|missense_variant|MODERATE|EP300|ENSG00000100393|Transcript|ENST00000263253|protein_coding|31/31||||5745|5332|1778|G/W|Ggg/Tgg|COSV54328691||1||SNV|HGNC|HGNC:3373|YES|CCDS14010.1|ENSP00000263253|Q09472.272||UPI00001AE876||deleterious_low_confidence(0)||PDB-ENSP_mappings:2k8f.A&PDB-ENSP_mappings:2mh0.B&PDB-ENSP_mappings:2mzd.A&PDB-ENSP_mappings:3io2.A&PDB-ENSP_mappings:3p57.P&PDB-ENSP_mappings:3t92.A&PDB-ENSP_mappings:6fgn.A&PDB-ENSP_mappings:6fgs.A&PDB-ENSP_mappings:7xez.A&PDB-ENSP_mappings:7xfg.A&PDB-ENSP_mappings:8e1d.A&PDB-ENSP_mappings:8hag.K&PDB-ENSP_mappings:8hah.K&PDB-ENSP_mappings:8hai.K&PDB-ENSP_mappings:8haj.K&PDB-ENSP_mappings:8hak.N&Superfamily:SSF57933&PROSITE_profiles:PS50134&Gene3D:1.20.1020.10&Pfam:PF02135&SMART:SM00551&AFDB-ENSP_mappings:AF-Q09472-F1||||||||||||||||||1|1||COSMIC::COSM6005632|||||,T|intron_variant&non_coding_transcript_variant|MODIFIER|EP300-AS1|ENSG00000231993|Transcript|ENST00000415054|lncRNA||1/2||||||||COSV54328691||-1||SNV|HGNC|HGNC:50504||||||||||||||||||||||||||||1|1||COSMIC::COSM6005632|||||,T|intron_variant&non_coding_transcript_variant|MODIFIER|EP300-AS1|ENSG00000231993|Transcript|ENST00000420537|lncRNA||2/2||||||||COSV54328691||-1||SNV|HGNC|HGNC:50504||||||||||||||||||||||||||||1|1||COSMIC::COSM6005632|||||,T|downstream_gene_variant|MODIFIER|EP300|ENSG00000100393|Transcript|ENST00000635083|retained_intron||||||||||COSV54328691|128|1||SNV|HGNC|HGNC:3373||||||||||||||||||||||||||||1|1||COSMIC::COSM6005632|||||,T|missense_variant|MODERATE|EP300|ENSG00000100393|Transcript|ENST00000674155|protein_coding|30/30||||5254|5254|1752|G/W|Ggg/Tgg|COSV54328691||1||SNV|HGNC|HGNC:3373||CCDS93173.1|ENSP00000501078||A0A669KB12.22|UPI0000207836||deleterious_low_confidence(0)|probably_damaging(0.99)|Gene3D:1.20.1020.10&Pfam:PF02135&PROSITE_profiles:PS50134&SMART:SM00551&Superfamily:SSF57933||||||||||||||||||1|1||COSMIC::COSM6005632|||||,T|3_prime_UTR_variant&NMD_transcript_variant|MODIFIER|EP300|ENSG00000100393|Transcript|ENST00000703544|nonsense_mediated_decay|30/30||||5242|||||COSV54328691||1||SNV|HGNC|HGNC:3373|||ENSP00000515365||A0A994J6T4.8|UPI0021EC5C12||||||||||||||||||||||1|1||COSMIC::COSM6005632|||||,T|missense_variant|MODERATE|EP300|ENSG00000100393|Transcript|ENST00000715703|protein_coding|31/31||||5827|5332|1778|G/W|Ggg/Tgg|COSV54328691||1||SNV|HGNC|HGNC:3373||CCDS14010.1|ENSP00000520505|||UPI00001AE876||deleterious_low_confidence(0)||Gene3D:1.20.1020.10&Pfam:PF02135&SMART:SM00551&PROSITE_profiles:PS50134&Superfamily:SSF57933||||||||||||||||||1|1||COSMIC::COSM6005632|||||,T|intron_variant&non_coding_transcript_variant|MODIFIER|EP300-AS1|ENSG00000231993|Transcript|ENST00000717629|lncRNA||2/3||||||||COSV54328691||-1||SNV|HGNC|HGNC:50504||||||||||||||||||||||||||||1|1||COSMIC::COSM6005632|||||,T|intron_variant&non_coding_transcript_variant|MODIFIER|EP300-AS1|ENSG00000231993|Transcript|ENST00000717630|lncRNA||2/2||||||||COSV54328691||-1||SNV|HGNC|HGNC:50504||||||||||||||||||||||||||||1|1||COSMIC::COSM6005632|||||,T|intron_variant&non_coding_transcript_variant|MODIFIER|EP300-AS1|ENSG00000231993|Transcript|ENST00000717631|lncRNA||3/3||||||||COSV54328691||-1||SNV|HGNC|HGNC:50504|YES|||||||||||||||||||||||||||1|1||COSMIC::COSM6005632|||||,T|intron_variant&non_coding_transcript_variant|MODIFIER|EP300-AS1|ENSG00000231993|Transcript|ENST00000717632|lncRNA||3/3||||||||COSV54328691||-1||SNV|HGNC|HGNC:50504||||||||||||||||||||||||||||1|1||COSMIC::COSM6005632|||||,T|intron_variant&non_coding_transcript_variant|MODIFIER|EP300-AS1|ENSG00000231993|Transcript|ENST00000717633|lncRNA||3/3||||||||COSV54328691||-1||SNV|HGNC|HGNC:50504||||||||||||||||||||||||||||1|1||COSMIC::COSM6005632|||||,T|intron_variant&non_coding_transcript_variant|MODIFIER|EP300-AS1|ENSG00000231993|Transcript|ENST00000774286|lncRNA||2/2||||||||COSV54328691||-1||SNV|HGNC|HGNC:50504||||||||||||||||||||||||||||1|1||COSMIC::COSM6005632|||||,T|intron_variant&non_coding_transcript_variant|MODIFIER|EP300-AS1|ENSG00000231993|Transcript|ENST00000774287|lncRNA||2/2||||||||COSV54328691||-1||SNV|HGNC|HGNC:50504||||||||||||||||||||||||||||1|1||COSMIC::COSM6005632|||||,T|intron_variant&non_coding_transcript_variant|MODIFIER|EP300-AS1|ENSG00000231993|Transcript|ENST00000774288|lncRNA||3/3||||||||COSV54328691||-1||SNV|HGNC|HGNC:50504||||||||||||||||||||||||||||1|1||COSMIC::COSM6005632|||||,T|intron_variant&non_coding_transcript_variant|MODIFIER|EP300-AS1|ENSG00000231993|Transcript|ENST00000774289|lncRNA||2/2||||||||COSV54328691||-1||SNV|HGNC|HGNC:50504||||||||||||||||||||||||||||1|1||COSMIC::COSM6005632|||||,T|intron_variant&non_coding_transcript_variant|MODIFIER|EP300-AS1|ENSG00000231993|Transcript|ENST00000774290|lncRNA||2/2||||||||COSV54328691||-1||SNV|HGNC|HGNC:50504||||||||||||||||||||||||||||1|1||COSMIC::COSM6005632|||||,T|intron_variant&non_coding_transcript_variant|MODIFIER|EP300-AS1|ENSG00000231993|Transcript|ENST00000774291|lncRNA||2/2||||||||COSV54328691||-1||SNV|HGNC|HGNC:50504||||||||||||||||||||||||||||1|1||COSMIC::COSM6005632|||||,T|intron_variant&non_coding_transcript_variant|MODIFIER|EP300-AS1|ENSG00000231993|Transcript|ENST00000774292|lncRNA||3/3||||||||COSV54328691||-1||SNV|HGNC|HGNC:50504||||||||||||||||||||||||||||1|1||COSMIC::COSM6005632|||||,T|downstream_gene_variant|MODIFIER|EP300-AS1|ENSG00000231993|Transcript|ENST00000774293|lncRNA||||||||||COSV54328691|1924|-1||SNV|HGNC|HGNC:50504||||||||||||||||||||||||||||1|1||COSMIC::COSM6005632|||||
Functional consequences found:
  Missense variants: 88173
  Stop gained: 7708
  Splice variants: 27155
Output file size: 1.9G
Success rate: 91.1%

=== FILES GENERATED ===
total 2.5G
-rw------- 1 aa107 root  51K Jun 24 07:43 test_output.vcf_summary.html
-rw------- 1 aa107 root 5.7K Jun 24 07:48 validation_report.txt
-rwx------ 1 aa107 root 640M Jun 24 07:07 vep-biocontainer.sif
-rw------- 1 aa107 root 1.9G Jun 24 07:48 vep_annotated.vcf
-rw------- 1 aa107 root 5.6K Jun 24 07:47 vep_annotated.vcf_warnings.txt
-rw------- 1 aa107 root 7.3K Jun 24 07:48 vep_annotation.log
drwx--S--- 2 aa107 root 4.0K Jun 24 07:43 vep_cache
-rw------- 1 aa107 root    0 Jun 24 07:43 vep_summary.html

=== NEXT STEPS ===
1. Review validation report: /u/aa107/uiuc-cancer-research/data/processed/vep/validation_report.txt
2. Check VEP summary: /u/aa107/uiuc-cancer-research/data/processed/vep/vep_summary.html
3. Convert VCF to CSV for TabNet: python scripts/vep/vcf_to_tabnet.py
4. Proceed with TabNet training
=== VEP Cache-Based Pipeline Completed: Tue Jun 24 07:48:52 CDT 2025 ===
✅ SUCCESS! VEP annotation completed with 193407 variants
📁 Main output: /u/aa107/uiuc-cancer-research/data/processed/vep/vep_annotated.vcf
📊 Summary: /u/aa107/uiuc-cancer-research/data/processed/vep/vep_summary.html
📋 Report: /u/aa107/uiuc-cancer-research/data/processed/vep/validation_report.txt
